c:\users\lee\downloads\gitproject\myuisystem\clilib\debug\clilib.pch
c:\users\lee\downloads\gitproject\myuisystem\clilib\debug\vc141.pdb
c:\users\lee\downloads\gitproject\myuisystem\clilib\debug\stdafx.obj
c:\users\lee\downloads\gitproject\myuisystem\clilib\debug\clilib.obj
c:\users\lee\downloads\gitproject\myuisystem\clilib\debug\assemblyinfo.obj
c:\users\lee\downloads\gitproject\myuisystem\clilib\debug\.netframework,version=v4.0.assemblyattributes.obj
c:\users\lee\downloads\gitproject\myuisystem\clilib\debug\.netframework,version=v4.0.assemblyattributes.asm
c:\users\lee\downloads\gitproject\myuisystem\clilib\debug\app.res
c:\users\lee\downloads\gitproject\myuisystem\clilib\debug\clilib.vcxprojresolveassemblyreference.cache
c:\users\lee\downloads\gitproject\myuisystem\clilib\debug\clilib.tlog\cl.command.1.tlog
c:\users\lee\downloads\gitproject\myuisystem\clilib\debug\clilib.tlog\cl.read.1.tlog
c:\users\lee\downloads\gitproject\myuisystem\clilib\debug\clilib.tlog\cl.write.1.tlog
c:\users\lee\downloads\gitproject\myuisystem\clilib\debug\clilib.tlog\link.9164.read.1.tlog
c:\users\lee\downloads\gitproject\myuisystem\clilib\debug\clilib.tlog\link.9164.write.1.tlog
c:\users\lee\downloads\gitproject\myuisystem\clilib\debug\clilib.tlog\link.command.1.tlog
c:\users\lee\downloads\gitproject\myuisystem\clilib\debug\clilib.tlog\link.read.1.tlog
c:\users\lee\downloads\gitproject\myuisystem\clilib\debug\clilib.tlog\link.write.1.tlog
c:\users\lee\downloads\gitproject\myuisystem\clilib\debug\clilib.tlog\metagen.read.1.tlog
c:\users\lee\downloads\gitproject\myuisystem\clilib\debug\clilib.tlog\metagen.write.1.tlog
c:\users\lee\downloads\gitproject\myuisystem\clilib\debug\clilib.tlog\rc.command.1.tlog
c:\users\lee\downloads\gitproject\myuisystem\clilib\debug\clilib.tlog\rc.read.1.tlog
c:\users\lee\downloads\gitproject\myuisystem\clilib\debug\clilib.tlog\rc.write.1.tlog
c:\users\lee\downloads\gitproject\myuisystem\clilib\debug\clilib.tlog\tzres.dll.bi
